mode: atomic
podmon/cmd/podmon/main.go:95.13,103.51 3 54
podmon/cmd/podmon/main.go:103.51,106.3 1 9
podmon/cmd/podmon/main.go:108.2,108.20 1 45
podmon/cmd/podmon/main.go:109.20,110.39 1 20
podmon/cmd/podmon/main.go:111.14,112.39 1 13
podmon/cmd/podmon/main.go:113.20,114.39 1 11
podmon/cmd/podmon/main.go:115.10,117.9 2 1
podmon/cmd/podmon/main.go:119.2,120.9 2 44
podmon/cmd/podmon/main.go:121.51,123.44 2 1
podmon/cmd/podmon/main.go:124.52,127.45 2 1
podmon/cmd/podmon/main.go:128.56,130.45 2 1
podmon/cmd/podmon/main.go:131.10,133.45 2 41
podmon/cmd/podmon/main.go:136.2,141.16 6 44
podmon/cmd/podmon/main.go:141.16,144.3 2 3
podmon/cmd/podmon/main.go:145.2,146.25 2 41
podmon/cmd/podmon/main.go:146.25,156.55 5 18
podmon/cmd/podmon/main.go:156.55,158.4 1 18
podmon/cmd/podmon/main.go:160.3,162.17 3 18
podmon/cmd/podmon/main.go:162.17,164.4 1 3
podmon/cmd/podmon/main.go:164.9,166.4 1 15
podmon/cmd/podmon/main.go:168.2,170.31 3 41
podmon/cmd/podmon/main.go:170.31,171.27 1 12
podmon/cmd/podmon/main.go:171.27,173.18 2 4
podmon/cmd/podmon/main.go:173.18,176.5 2 1
podmon/cmd/podmon/main.go:177.9,177.40 1 8
podmon/cmd/podmon/main.go:177.40,178.47 1 4
podmon/cmd/podmon/main.go:178.47,180.5 1 2
podmon/cmd/podmon/main.go:182.4,185.142 2 4
podmon/cmd/podmon/main.go:189.3,191.7 2 11
podmon/cmd/podmon/main.go:191.7,193.34 2 11
podmon/cmd/podmon/main.go:193.34,194.10 1 11
podmon/cmd/podmon/main.go:198.2,199.32 2 41
podmon/cmd/podmon/main.go:199.32,201.34 2 29
podmon/cmd/podmon/main.go:201.34,203.4 1 3
podmon/cmd/podmon/main.go:204.8,206.3 1 12
podmon/cmd/podmon/main.go:229.16,230.27 1 54
podmon/cmd/podmon/main.go:230.27,246.3 14 1
podmon/cmd/podmon/main.go:249.2,263.14 15 54
podmon/cmd/podmon/main.go:266.74,268.2 1 0
podmon/cmd/podmon/main.go:270.24,273.2 2 0
podmon/cmd/podmon/main.go:278.39,279.40 1 54
podmon/cmd/podmon/main.go:279.40,283.3 3 1
podmon/cmd/podmon/main.go:285.2,288.42 4 53
podmon/cmd/podmon/main.go:288.42,291.3 2 1
podmon/cmd/podmon/main.go:293.2,293.48 1 52
podmon/cmd/podmon/main.go:293.48,296.3 2 7
podmon/cmd/podmon/main.go:298.2,299.44 2 45
podmon/cmd/podmon/main.go:299.44,301.49 2 0
podmon/cmd/podmon/main.go:301.49,303.4 1 0
podmon/cmd/podmon/main.go:306.2,306.12 1 45
podmon/cmd/podmon/main.go:311.49,312.15 1 52
podmon/cmd/podmon/main.go:312.15,315.33 2 52
podmon/cmd/podmon/main.go:315.33,317.4 1 26
podmon/cmd/podmon/main.go:318.3,318.27 1 52
podmon/cmd/podmon/main.go:318.27,320.4 1 14
podmon/cmd/podmon/main.go:321.3,323.132 3 52
podmon/cmd/podmon/main.go:326.2,326.32 1 52
podmon/cmd/podmon/main.go:326.32,327.103 1 26
podmon/cmd/podmon/main.go:327.103,329.4 1 1
podmon/cmd/podmon/main.go:332.2,332.26 1 51
podmon/cmd/podmon/main.go:332.26,333.91 1 14
podmon/cmd/podmon/main.go:333.91,335.4 1 1
podmon/cmd/podmon/main.go:338.2,339.47 2 50
podmon/cmd/podmon/main.go:339.47,342.17 3 48
podmon/cmd/podmon/main.go:342.17,345.4 1 1
podmon/cmd/podmon/main.go:346.3,346.17 1 47
podmon/cmd/podmon/main.go:346.17,348.4 1 1
podmon/cmd/podmon/main.go:349.3,350.96 2 46
podmon/cmd/podmon/main.go:352.2,355.62 3 48
podmon/cmd/podmon/main.go:355.62,358.17 3 46
podmon/cmd/podmon/main.go:358.17,361.4 1 1
podmon/cmd/podmon/main.go:362.3,362.17 1 45
podmon/cmd/podmon/main.go:362.17,364.4 1 1
podmon/cmd/podmon/main.go:365.3,366.115 2 44
podmon/cmd/podmon/main.go:368.2,371.51 3 46
podmon/cmd/podmon/main.go:371.51,374.17 3 44
podmon/cmd/podmon/main.go:374.17,377.4 1 1
podmon/cmd/podmon/main.go:378.3,379.115 2 43
podmon/cmd/podmon/main.go:381.2,383.12 2 45
podmon/cmd/podmon/main.go:389.85,390.27 1 40
podmon/cmd/podmon/main.go:390.27,393.43 3 40
podmon/cmd/podmon/main.go:393.43,395.4 1 2
podmon/cmd/podmon/main.go:395.9,396.45 1 38
podmon/cmd/podmon/main.go:396.45,398.5 1 1
podmon/cmd/podmon/main.go:399.4,399.42 1 38
podmon/cmd/podmon/main.go:403.2,404.29 2 40
podmon/cmd/podmon/main.go:404.29,406.21 2 40
podmon/cmd/podmon/main.go:406.21,411.18 5 40
podmon/cmd/podmon/main.go:411.18,416.5 3 2
podmon/cmd/podmon/main.go:419.2,421.12 2 38
