<?xml version="1.0" encoding="UTF-8"?>
<testsuites name="integration" tests="1" skipped="0" failures="1" errors="0" time="0.131880863">
  <testsuite name="Integration Test" tests="1" skipped="0" failures="1" errors="0" time="0.130146367">
    <testcase name="Validate that we have a valid k8s configuration for the integration tests" status="failed" time="0.130146367">
      <failure message="Step there are driver pods in &#34;vxflexos&#34; with this &#34;vxflexos&#34; prefix: &#xA;&#x9;Error Trace:&#x9;/root/karavi-resiliency/internal/monitor/monitor_test_helpers.go:29&#xA;&#x9;            &#x9;&#x9;&#x9;&#x9;/root/karavi-resiliency/internal/monitor/integration_steps_test.go:610&#xA;&#x9;            &#x9;&#x9;&#x9;&#x9;/usr/local/go/src/reflect/value.go:596&#xA;&#x9;            &#x9;&#x9;&#x9;&#x9;/usr/local/go/src/reflect/value.go:380&#xA;&#x9;            &#x9;&#x9;&#x9;&#x9;/go/pkg/mod/github.com/cucumber/godog@v0.12.6/internal/models/stepdef.go:182&#xA;&#x9;            &#x9;&#x9;&#x9;&#x9;/go/pkg/mod/github.com/cucumber/godog@v0.12.6/suite.go:183&#xA;&#x9;            &#x9;&#x9;&#x9;&#x9;/go/pkg/mod/github.com/cucumber/godog@v0.12.6/suite.go:393&#xA;&#x9;            &#x9;&#x9;&#x9;&#x9;/go/pkg/mod/github.com/cucumber/godog@v0.12.6/suite.go:455&#xA;&#x9;            &#x9;&#x9;&#x9;&#x9;/go/pkg/mod/github.com/cucumber/godog@v0.12.6/run.go:123&#xA;&#x9;            &#x9;&#x9;&#x9;&#x9;/go/pkg/mod/github.com/cucumber/godog@v0.12.6/run.go:134&#xA;&#x9;            &#x9;&#x9;&#x9;&#x9;/go/pkg/mod/github.com/cucumber/godog@v0.12.6/run.go:274&#xA;&#x9;            &#x9;&#x9;&#x9;&#x9;/go/pkg/mod/github.com/cucumber/godog@v0.12.6/run.go:335&#xA;&#x9;            &#x9;&#x9;&#x9;&#x9;/root/karavi-resiliency/internal/monitor/short_integration_test.go:53&#xA;&#x9;Error:      &#x9;Not equal: &#xA;&#x9;            &#x9;expected: true&#xA;&#x9;            &#x9;actual  : false&#xA;&#x9;Messages:   &#x9;Expected podmon container to be running in vxflexos controller and node pods. Number of controller podmon is 0. Number of node podmon is 0&#xA;"></failure>
      <error message="Step can logon to nodes and drop test scripts" type="skipped"></error>
    </testcase>
  </testsuite>
</testsuites>