<?xml version="1.0" encoding="UTF-8"?>
<testsuites name="integration" tests="6" skipped="0" failures="0" errors="0" time="2482.254025573">
  <testsuite name="Integration Test" tests="6" skipped="0" failures="0" errors="0" time="2482.253542879">
    <testcase name="Basic node failover testing using test StatefulSet pods (node interface down) #1" status="passed" time="283.852726379"></testcase>
    <testcase name="Basic node failover testing using test StatefulSet pods (node interface down) #2" status="passed" time="327.143265759"></testcase>
    <testcase name="Basic node failover testing using test StatefulSet pods (node slow reboots) #1" status="passed" time="263.521944177"></testcase>
    <testcase name="Basic node failover testing using test StatefulSet pods (node slow reboots) #2" status="passed" time="316.996584727"></testcase>
    <testcase name="Basic node failover testing using test StatefulSet pods (node kubelet down) #1" status="passed" time="643.604949831"></testcase>
    <testcase name="Basic node failover testing using test StatefulSet pods (node kubelet down) #2" status="passed" time="647.12931955"></testcase>
  </testsuite>
</testsuites>